

Version:	3.50
CmdLine:	C:\Users\IDEAPAD\Desktop\General-Laboratory-Item-Database-System-rolpp\GLIMS.exe --l4j-debug
JNI:		No
WOW64:		Yes
Working dir:	C:\Users\IDEAPAD\Desktop\General-Laboratory-Item-Database-System-rolpp\.
Requires JDK:	Yes
Requires 64-Bit: No
Java min ver:	1.008.000
Java max ver:	
Substitute:	JAVA_HOME = C:\Program Files\Java\jdk-21
Substitute:	PATH = C:\Windows\system32;C:\Windows;C:\Windows\System32\Wbem;C:\Windows\System32\WindowsPowerShell\v1.0\;C:\Windows\System32\OpenSSH\;C:\Program Files (x86)\NVIDIA Corporation\PhysX\Common;C:\MinGW\bin;C:\Program Files\Java\jdk-21\bin;C:\Program Files (x86)\Universal Extractor;C:\Program Files (x86)\Universal Extractor\bin;C:\Program Files\dotnet\;C:\Program Files\NVIDIA Corporation\NVIDIA app\NvDLISR;C:\Program Files\Cloudflare\Cloudflare WARP\;C:\Program Files\Git\cmd;C:\WINDOWS\system32;C:\WINDOWS;C:\WINDOWS\System32\Wbem;C:\WINDOWS\System32\WindowsPowerShell\v1.0\;C:\WINDOWS\System32\OpenSSH\;C:\Program Files\MySQL\MySQL Server 8.0\bin;C:\dev\flutter\bin;C:\Users\IDEAPAD\Downloads\mysql-connector-j-9.2.0;C:\Users\IDEAPAD\AppData\Roaming\Python\Python312\Scripts;;C:\Program Files\MEGA12;C:\Program Files\MEGACC;C:\Program Files\nodejs\;C:\Users\IDEAPAD\AppData\Local\Programs\Python\Python313\Scripts\;C:\Users\IDEAPAD\AppData\Local\Programs\Python\Python313\;C:\Users\IDEAPAD\AppData\Local\Programs\Microsoft VS Code\bin;C:\Users\IDEAPAD\AppData\Local\GitHubDesktop\bin;C:\Users\IDEAPAD\AppData\Local\Programs\cursor\resources\app\bin;C:\Users\IDEAPAD\AppData\Roaming\npm;C:\Program Files\Java\jdk-21\bin
JRE paths:	C:\Program Files\Java\jdk-21;C:\Windows\system32;C:\Windows;C:\Windows\System32\Wbem;C:\Windows\System32\WindowsPowerShell\v1.0\;C:\Windows\System32\OpenSSH\;C:\Program Files (x86)\NVIDIA Corporation\PhysX\Common;C:\MinGW\bin;C:\Program Files\Java\jdk-21\bin;C:\Program Files (x86)\Universal Extractor;C:\Program Files (x86)\Universal Extractor\bin;C:\Program Files\dotnet\;C:\Program Files\NVIDIA Corporation\NVIDIA app\NvDLISR;C:\Program Files\Cloudflare\Cloudflare WARP\;C:\Program Files\Git\cmd;C:\WINDOWS\system32;C:\WINDOWS;C:\WINDOWS\System32\Wbem;C:\WINDOWS\System32\WindowsPowerShell\v1.0\;C:\WINDOWS\System32\OpenSSH\;C:\Program Files\MySQL\MySQL Server 8.0\bin;C:\dev\flutter\bin;C:\Users\IDEAPAD\Downloads\mysql-connector-j-9.2.0;C:\Users\IDEAPAD\AppData\Roaming\Python\Python312\Scripts;;C:\Program Files\MEGA12;C:\Program Files\MEGACC;C:\Program Files\nodejs\;C:\Users\IDEAPAD\AppData\Local\Programs\Python\Python313\Scripts\;C:\Users\IDEAPAD\AppData\Local\Programs\Python\Python313\;C:\Users\IDEAPAD\AppData\Local\Programs\Microsoft VS Code\bin;C:\Users\IDEAPAD\AppData\Local\GitHubDesktop\bin;C:\Users\IDEAPAD\AppData\Local\Programs\cursor\resources\app\bin;C:\Users\IDEAPAD\AppData\Roaming\npm;C:\Program Files\Java\jdk-21\bin 
Check launcher:	C:\Program Files\Java\jdk-21\bin\javaw.exe (OK)
Check javac:	C:\Program Files\Java\jdk-21\bin\javac.exe (OK)
Version string: 1.021.000_002 / 64-Bit (OK)
Launcher:	C:\Program Files\Java\jdk-21\bin\javaw.exe
Launcher args:	-jar "C:\Users\IDEAPAD\Desktop\General-Laboratory-Item-Database-System-rolpp\GLIMS.exe"
Args length:	87/32768 chars
Exit code:	0


Version:	3.50
CmdLine:	C:\Users\IDEAPAD\Desktop\General-Laboratory-Item-Database-System-rolpp\GLIMS.exe --l4j-debug
JNI:		No
WOW64:		Yes
Working dir:	C:\Users\IDEAPAD\Desktop\General-Laboratory-Item-Database-System-rolpp\.
Requires JDK:	Yes
Requires 64-Bit: No
Java min ver:	1.008.000
Java max ver:	
Substitute:	JAVA_HOME = C:\Program Files\Java\jdk-21
Substitute:	PATH = C:\Windows\system32;C:\Windows;C:\Windows\System32\Wbem;C:\Windows\System32\WindowsPowerShell\v1.0\;C:\Windows\System32\OpenSSH\;C:\Program Files (x86)\NVIDIA Corporation\PhysX\Common;C:\MinGW\bin;C:\Program Files\Java\jdk-21\bin;C:\Program Files (x86)\Universal Extractor;C:\Program Files (x86)\Universal Extractor\bin;C:\Program Files\dotnet\;C:\Program Files\NVIDIA Corporation\NVIDIA app\NvDLISR;C:\Program Files\Cloudflare\Cloudflare WARP\;C:\Program Files\Git\cmd;C:\WINDOWS\system32;C:\WINDOWS;C:\WINDOWS\System32\Wbem;C:\WINDOWS\System32\WindowsPowerShell\v1.0\;C:\WINDOWS\System32\OpenSSH\;C:\Program Files\MySQL\MySQL Server 8.0\bin;C:\dev\flutter\bin;C:\Users\IDEAPAD\Downloads\mysql-connector-j-9.2.0;C:\Users\IDEAPAD\AppData\Roaming\Python\Python312\Scripts;;C:\Program Files\MEGA12;C:\Program Files\MEGACC;C:\Program Files\nodejs\;C:\Users\IDEAPAD\AppData\Local\Programs\Python\Python313\Scripts\;C:\Users\IDEAPAD\AppData\Local\Programs\Python\Python313\;C:\Users\IDEAPAD\AppData\Local\Programs\Microsoft VS Code\bin;C:\Users\IDEAPAD\AppData\Local\GitHubDesktop\bin;C:\Users\IDEAPAD\AppData\Local\Programs\cursor\resources\app\bin;C:\Users\IDEAPAD\AppData\Roaming\npm;C:\Program Files\Java\jdk-21\bin
JRE paths:	C:\Program Files\Java\jdk-21;C:\Windows\system32;C:\Windows;C:\Windows\System32\Wbem;C:\Windows\System32\WindowsPowerShell\v1.0\;C:\Windows\System32\OpenSSH\;C:\Program Files (x86)\NVIDIA Corporation\PhysX\Common;C:\MinGW\bin;C:\Program Files\Java\jdk-21\bin;C:\Program Files (x86)\Universal Extractor;C:\Program Files (x86)\Universal Extractor\bin;C:\Program Files\dotnet\;C:\Program Files\NVIDIA Corporation\NVIDIA app\NvDLISR;C:\Program Files\Cloudflare\Cloudflare WARP\;C:\Program Files\Git\cmd;C:\WINDOWS\system32;C:\WINDOWS;C:\WINDOWS\System32\Wbem;C:\WINDOWS\System32\WindowsPowerShell\v1.0\;C:\WINDOWS\System32\OpenSSH\;C:\Program Files\MySQL\MySQL Server 8.0\bin;C:\dev\flutter\bin;C:\Users\IDEAPAD\Downloads\mysql-connector-j-9.2.0;C:\Users\IDEAPAD\AppData\Roaming\Python\Python312\Scripts;;C:\Program Files\MEGA12;C:\Program Files\MEGACC;C:\Program Files\nodejs\;C:\Users\IDEAPAD\AppData\Local\Programs\Python\Python313\Scripts\;C:\Users\IDEAPAD\AppData\Local\Programs\Python\Python313\;C:\Users\IDEAPAD\AppData\Local\Programs\Microsoft VS Code\bin;C:\Users\IDEAPAD\AppData\Local\GitHubDesktop\bin;C:\Users\IDEAPAD\AppData\Local\Programs\cursor\resources\app\bin;C:\Users\IDEAPAD\AppData\Roaming\npm;C:\Program Files\Java\jdk-21\bin 
Check launcher:	C:\Program Files\Java\jdk-21\bin\javaw.exe (OK)
Check javac:	C:\Program Files\Java\jdk-21\bin\javac.exe (OK)
Version string: 1.021.000_002 / 64-Bit (OK)
Main class:	Main
Info:		Classpath not defined.
Launcher:	C:\Program Files\Java\jdk-21\bin\javaw.exe
Launcher args:	-classpath "C:\Users\IDEAPAD\Desktop\General-Laboratory-Item-Database-System-rolpp\GLIMS.exe" Main
Args length:	98/32768 chars
Exit code:	0
